<?xml version="1.0" encoding="UTF-8"?>
<!-- Generated by org.testng.reporters.JUnitReportReporter -->
<testsuite hostname="DESKTOP-O2LSTLN" failures="0" tests="1" name="Abstract.TestNG_Run" time="0.012" errors="0" timestamp="2022-02-18T10:33:52 IST" skipped="0">
  <testcase classname="Abstract.TestNG_Run" name="test" time="0.012"/>
  <system-out/>
</testsuite> <!-- Abstract.TestNG_Run -->
