<?xml version="1.0" encoding="UTF-8"?>
<!-- Generated by org.testng.reporters.JUnitReportReporter -->
<testsuite hostname="DESKTOP-O2LSTLN" failures="0" tests="8" name="Amazon.VerifyAllHeader" time="59.264" errors="0" timestamp="2022-03-10T13:37:46 IST" skipped="4">
  <testcase classname="Amazon.VerifyAllHeader" name="verifyCustomerTab" time="0.000">
    <skipped/>
  </testcase> <!-- verifyCustomerTab -->
  <system-out/>
  <testcase classname="Amazon.VerifyAllHeader" name="verifyCustomerTab" time="15.576"/>
  <system-out/>
  <testcase classname="Amazon.VerifyAllHeader" name="verifyBestSellerTab" time="0.000">
    <skipped/>
  </testcase> <!-- verifyBestSellerTab -->
  <system-out/>
  <testcase classname="Amazon.VerifyAllHeader" name="verifyBestSellerTab" time="10.541"/>
  <system-out/>
  <testcase classname="Amazon.VerifyAllHeader" name="verifyMobileTab" time="27.334"/>
  <system-out/>
  <testcase classname="Amazon.VerifyAllHeader" name="verifyMobileTab" time="0.000">
    <skipped/>
  </testcase> <!-- verifyMobileTab -->
  <system-out/>
  <testcase classname="Amazon.VerifyAllHeader" name="verifyElectronicTab" time="0.000">
    <skipped/>
  </testcase> <!-- verifyElectronicTab -->
  <system-out/>
  <testcase classname="Amazon.VerifyAllHeader" name="verifyElectronicTab" time="5.813"/>
  <system-out/>
</testsuite> <!-- Amazon.VerifyAllHeader -->
