<?xml version="1.0" encoding="UTF-8"?>
<!-- Generated by org.testng.reporters.JUnitReportReporter -->
<testsuite hostname="DESKTOP-O2LSTLN" failures="0" tests="1" name="Amazon.TestNg" time="25.510" errors="0" timestamp="2022-02-22T14:50:34 IST" skipped="0">
  <testcase classname="Amazon.TestNg" name="clickOnAddToCart" time="25.510"/>
  <system-out/>
</testsuite> <!-- Amazon.TestNg -->
