<?xml version="1.0" encoding="UTF-8"?>
<!-- Generated by org.testng.reporters.JUnitReportReporter -->
<testsuite hostname="DESKTOP-O2LSTLN" failures="0" tests="4" name="Amazon.VerifyAllFooter" time="38.427" errors="0" timestamp="2022-03-10T13:37:46 IST" skipped="2">
  <testcase classname="Amazon.VerifyAllFooter" name="verifyFacebookTab" time="0.000">
    <skipped/>
  </testcase> <!-- verifyFacebookTab -->
  <system-out/>
  <testcase classname="Amazon.VerifyAllFooter" name="verifyFacebookTab" time="22.147"/>
  <system-out/>
  <testcase classname="Amazon.VerifyAllFooter" name="verifyCareersTab" time="0.000">
    <skipped/>
  </testcase> <!-- verifyCareersTab -->
  <system-out/>
  <testcase classname="Amazon.VerifyAllFooter" name="verifyCareersTab" time="16.280"/>
  <system-out/>
</testsuite> <!-- Amazon.VerifyAllFooter -->
