<?xml version="1.0" encoding="UTF-8"?>
<!-- Generated by org.testng.reporters.JUnitReportReporter -->
<testsuite hostname="DESKTOP-O2LSTLN" failures="0" tests="4" name="Tect.VerifyAllFooter" time="106.411" errors="0" timestamp="2022-03-10T14:02:55 IST" skipped="0">
  <testcase classname="Tect.VerifyAllFooter" name="verifyCreerTab" time="40.854"/>
  <system-out/>
  <testcase classname="Tect.VerifyAllFooter" name="verifyCreerTab" time="25.785"/>
  <system-out/>
  <testcase classname="Tect.VerifyAllFooter" name="verifyAboutTab" time="21.127"/>
  <system-out/>
  <testcase classname="Tect.VerifyAllFooter" name="verifyAboutTab" time="18.645"/>
  <system-out/>
</testsuite> <!-- Tect.VerifyAllFooter -->
