<?xml version="1.0" encoding="UTF-8"?>
<!-- Generated by org.testng.reporters.JUnitReportReporter -->
<testsuite hostname="DESKTOP-O2LSTLN" failures="0" tests="2" name="Tect.TestNg" time="34.627" errors="0" timestamp="2022-02-21T19:19:24 IST" skipped="0">
  <testcase classname="Tect.TestNg" name="deleteRequest" time="16.988"/>
  <system-out/>
  <testcase classname="Tect.TestNg" name="marketplace" time="17.639"/>
  <system-out/>
</testsuite> <!-- Tect.TestNg -->
