<?xml version="1.0" encoding="UTF-8"?>
<!-- Generated by org.testng.reporters.JUnitReportReporter -->
<testsuite hostname="DESKTOP-O2LSTLN" failures="0" tests="1" name="Rediff.TestNg" time="28.088" errors="0" timestamp="2022-02-22T17:57:38 IST" skipped="0">
  <testcase classname="Rediff.TestNg" name="test" time="28.088"/>
  <system-out/>
</testsuite> <!-- Rediff.TestNg -->
