<?xml version="1.0" encoding="UTF-8"?>
<!-- Generated by org.testng.reporters.JUnitReportReporter -->
<testsuite hostname="DESKTOP-O2LSTLN" failures="0" tests="1" name="Test.BusBooking" time="25.394" errors="0" timestamp="2022-02-26T08:55:32 IST" skipped="0">
  <testcase classname="Test.BusBooking" name="BusBooking" time="25.394"/>
  <system-out/>
</testsuite> <!-- Test.BusBooking -->
