<?xml version="1.0" encoding="UTF-8"?>
<!-- Generated by org.testng.reporters.JUnitReportReporter -->
<testsuite hostname="DESKTOP-O2LSTLN" failures="0" tests="1" name="Test.TestNg" time="13.623" errors="0" timestamp="2022-02-21T18:22:02 IST" skipped="0">
  <testcase classname="Test.TestNg" name="test" time="13.623"/>
  <system-out/>
</testsuite> <!-- Test.TestNg -->
