<?xml version="1.0" encoding="UTF-8"?>
<!-- Generated by org.testng.reporters.JUnitReportReporter -->
<testsuite hostname="DESKTOP-O2LSTLN" failures="0" tests="1" name="swagLab.TestNg" time="6.865" errors="0" timestamp="2022-02-22T14:15:13 IST" skipped="0">
  <testcase classname="swagLab.TestNg" name="addToCartZ_A" time="6.865"/>
  <system-out/>
</testsuite> <!-- swagLab.TestNg -->
