<?xml version="1.0" encoding="UTF-8"?>
<!-- Generated by org.testng.reporters.JUnitReportReporter -->
<testsuite hostname="DESKTOP-O2LSTLN" failures="0" tests="4" name="swagLab.AddToCartHI_LO" time="0.000" errors="0" timestamp="2022-03-22T19:37:33 IST" skipped="4">
  <testcase classname="swagLab.AddToCartHI_LO" name="addToCartZ_A" time="0.000">
    <skipped/>
  </testcase> <!-- addToCartZ_A -->
  <system-out/>
  <testcase classname="swagLab.AddToCartHI_LO" name="addToCartZ_A" time="0.000">
    <skipped/>
  </testcase> <!-- addToCartZ_A -->
  <system-out/>
  <testcase classname="swagLab.AddToCartHI_LO" name="addToCartA_Z" time="0.000">
    <skipped/>
  </testcase> <!-- addToCartA_Z -->
  <system-out/>
  <testcase classname="swagLab.AddToCartHI_LO" name="addToCartA_Z" time="0.000">
    <skipped/>
  </testcase> <!-- addToCartA_Z -->
  <system-out/>
</testsuite> <!-- swagLab.AddToCartHI_LO -->
