<?xml version="1.0" encoding="UTF-8"?>
<!-- Generated by org.testng.reporters.JUnitReportReporter -->
<testsuite hostname="DESKTOP-O2LSTLN" failures="0" tests="7" name="actiTime.KeyWords" time="0.044" errors="0" timestamp="2022-03-06T09:22:03 IST" skipped="1">
  <testcase classname="actiTime.KeyWords" name="test_A" time="0.012"/>
  <system-out/>
  <testcase classname="actiTime.KeyWords" name="test_C" time="0.005"/>
  <system-out/>
  <testcase classname="actiTime.KeyWords" name="test_M" time="0.014"/>
  <system-out/>
  <testcase classname="actiTime.KeyWords" name="test_D" time="0.004"/>
  <system-out/>
  <testcase classname="actiTime.KeyWords" name="test_D" time="0.004"/>
  <system-out/>
  <testcase classname="actiTime.KeyWords" name="test_P" time="0.005"/>
  <system-out/>
  <testcase classname="actiTime.KeyWords" name="test_B">
    <skipped/>
  </testcase> <!-- test_B -->
  <system-out/>
</testsuite> <!-- actiTime.KeyWords -->
