<?xml version="1.0" encoding="UTF-8"?>
<!-- Generated by org.testng.reporters.JUnitReportReporter -->
<testsuite hostname="DESKTOP-O2LSTLN" failures="0" tests="10" name="actiTime.Verify_All_header" time="47.601" errors="0" timestamp="2022-03-10T12:52:11 IST" skipped="5">
  <testcase classname="actiTime.Verify_All_header" name="verifyUserTab" time="15.139"/>
  <system-out/>
  <testcase classname="actiTime.Verify_All_header" name="verifyUserTab" time="0.000">
    <skipped/>
  </testcase> <!-- verifyUserTab -->
  <system-out/>
  <testcase classname="actiTime.Verify_All_header" name="verifyReportButton" time="0.000">
    <skipped/>
  </testcase> <!-- verifyReportButton -->
  <system-out/>
  <testcase classname="actiTime.Verify_All_header" name="verifyReportButton" time="9.019"/>
  <system-out/>
  <testcase classname="actiTime.Verify_All_header" name="verifyTaskButton" time="0.000">
    <skipped/>
  </testcase> <!-- verifyTaskButton -->
  <system-out/>
  <testcase classname="actiTime.Verify_All_header" name="verifyTaskButton" time="5.742"/>
  <system-out/>
  <testcase classname="actiTime.Verify_All_header" name="verifyTimeTrack" time="0.000">
    <skipped/>
  </testcase> <!-- verifyTimeTrack -->
  <system-out/>
  <testcase classname="actiTime.Verify_All_header" name="verifyTimeTrack" time="9.001"/>
  <system-out/>
  <testcase classname="actiTime.Verify_All_header" name="verifyWorkscheduleButton" time="0.000">
    <skipped/>
  </testcase> <!-- verifyWorkscheduleButton -->
  <system-out/>
  <testcase classname="actiTime.Verify_All_header" name="verifyWorkscheduleButton" time="8.700"/>
  <system-out/>
</testsuite> <!-- actiTime.Verify_All_header -->
