<?xml version="1.0" encoding="UTF-8"?>
<!-- Generated by org.testng.reporters.JUnitReportReporter -->
<testsuite hostname="DESKTOP-O2LSTLN" failures="0" tests="5" name="actiTime.actiTime1" time="15.120" errors="0" timestamp="2022-02-21T11:22:29 IST" skipped="0">
  <testcase classname="actiTime.actiTime1" name="verifyTaskButton" time="2.657"/>
  <system-out/>
  <testcase classname="actiTime.actiTime1" name="verifyWorkscheduleButton" time="5.627"/>
  <system-out/>
  <testcase classname="actiTime.actiTime1" name="verifyReportButton" time="2.142"/>
  <system-out/>
  <testcase classname="actiTime.actiTime1" name="verifyTimeTrack" time="1.544"/>
  <system-out/>
  <testcase classname="actiTime.actiTime1" name="verifyUserTab" time="3.150"/>
  <system-out/>
</testsuite> <!-- actiTime.actiTime1 -->
