<?xml version="1.0" encoding="UTF-8"?>
<!-- Generated by org.testng.reporters.JUnitReportReporter -->
<testsuite hostname="DESKTOP-O2LSTLN" failures="0" tests="2" name="actiTime.RawClass" time="0.014" errors="0" timestamp="2022-02-24T15:15:25 IST" skipped="1">
  <testcase classname="actiTime.RawClass" name="test_M" time="0.014"/>
  <system-out/>
  <testcase classname="actiTime.RawClass" name="test_A">
    <skipped/>
  </testcase> <!-- test_A -->
  <system-out/>
</testsuite> <!-- actiTime.RawClass -->
